<?xml version="1.0" encoding="UTF-8"?>
<!-- Generated by org.testng.reporters.JUnitReportReporter -->
<testsuite hostname="Anil" failures="0" tests="3" name="TestnG.FirstTestcase" time="0.033" errors="0" timestamp="2024-11-13T23:09:08 IST" skipped="0">
  <testcase classname="TestnG.FirstTestcase" name="openapp" time="0.028"/>
  <testcase classname="TestnG.FirstTestcase" name="login" time="0.002"/>
  <testcase classname="TestnG.FirstTestcase" name="logout" time="0.003"/>
</testsuite> <!-- TestnG.FirstTestcase -->
